C51 COMPILER V9.60.7.0   SINGLE_LED                                                        01/14/2025 10:54:20 PAGE 1   


C51 COMPILER V9.60.7.0, COMPILATION OF MODULE SINGLE_LED
OBJECT MODULE PLACED IN .\Objects\single_led.obj
COMPILER INVOKED BY: C:\Keil_v5\C51\BIN\C51.EXE single_led.c OPTIMIZE(8,SPEED) BROWSE DEBUG OBJECTEXTEND PRINT(.\Listing
                    -s\single_led.lst) TABS(2) OBJECT(.\Objects\single_led.obj)

line level    source

   1          #include <REGX51.H>
   2          
   3          void delay(int time){
   4   1        while(time--);
   5   1      }
   6          
   7          void main(){
   8   1        while(1){
   9   2          P2_0 = 0;   //Bat LED
  10   2          delay(500000);
  11   2          P2_0 = 1; // Tat LED
  12   2          delay(500000);
  13   2        }
  14   1      }


MODULE INFORMATION:   STATIC OVERLAYABLE
   CODE SIZE        =     31    ----
   CONSTANT SIZE    =   ----    ----
   XDATA SIZE       =   ----    ----
   PDATA SIZE       =   ----    ----
   DATA SIZE        =   ----    ----
   IDATA SIZE       =   ----    ----
   BIT SIZE         =   ----    ----
END OF MODULE INFORMATION.


C51 COMPILATION COMPLETE.  0 WARNING(S),  0 ERROR(S)
